<?xml version="1.0" encoding="UTF-8"?>
<!-- Generated by org.testng.reporters.JUnitReportReporter -->
<testsuite hostname="Parsa" failures="0" tests="1" name="maventestscripts.Scenario2" time="0.196" errors="0" timestamp="2023-04-24T22:51:04 EDT" skipped="0">
  <testcase classname="maventestscripts.Scenario2" name="verrifyerrMsg" time="0.196"/>
  <system-out/>
</testsuite> <!-- maventestscripts.Scenario2 -->
