<?xml version="1.0" encoding="UTF-8"?>
<!-- Generated by org.testng.reporters.JUnitReportReporter -->
<testsuite hostname="Parsa" failures="0" tests="1" name="maventestscripts.Scenario4" time="0.746" errors="0" timestamp="2023-04-24T22:52:35 EDT" skipped="0">
  <testcase classname="maventestscripts.Scenario4" name="lowToHigh" time="0.746"/>
  <system-out/>
</testsuite> <!-- maventestscripts.Scenario4 -->
