<?xml version="1.0" encoding="UTF-8"?>
<!-- Generated by org.testng.reporters.JUnitReportReporter -->
<testsuite hostname="Parsa" failures="0" tests="1" name="maventestscripts.Scenario5" time="0.928" errors="0" timestamp="2023-04-24T22:52:47 EDT" skipped="0">
  <testcase classname="maventestscripts.Scenario5" name="scnario" time="0.928"/>
  <system-out/>
</testsuite> <!-- maventestscripts.Scenario5 -->
