<?xml version="1.0" encoding="UTF-8"?>
<!-- Generated by org.testng.reporters.JUnitReportReporter -->
<testsuite hostname="Parsa" failures="0" tests="1" name="maventestscripts.Secnario1" time="0.723" errors="0" timestamp="2023-04-24T22:50:53 EDT" skipped="0">
  <testcase classname="maventestscripts.Secnario1" name="scensmrio1" time="0.723"/>
  <system-out/>
</testsuite> <!-- maventestscripts.Secnario1 -->
