<?xml version="1.0" encoding="UTF-8"?>
<!-- Generated by org.testng.reporters.JUnitReportReporter -->
<testsuite hostname="Parsa" failures="0" tests="1" name="maventestscripts.Scenario3" time="0.586" errors="0" timestamp="2023-04-24T22:51:20 EDT" skipped="0">
  <testcase classname="maventestscripts.Scenario3" name="verrifyEmptyMsg" time="0.586"/>
  <system-out/>
</testsuite> <!-- maventestscripts.Scenario3 -->
